# JRE version: Java(TM) SE Runtime Environment (8.0_333-b02) (build 1.8.0_333-b02)
# Java VM: Java HotSpot(TM) 64-Bit Server VM (25.333-b02 mixed mode windows-amd64 compressed oops)
Heap:
 PSYoungGen      total 633856K, used 381338K [0x00000000d5c00000, 0x0000000100000000, 0x0000000100000000)
  eden space 572416K, 63% used [0x00000000d5c00000,0x00000000ebd1eaf0,0x00000000f8b00000)
  from space 61440K, 32% used [0x00000000fc400000,0x00000000fd748000,0x0000000100000000)
  to   space 58368K, 0% used [0x00000000f8b00000,0x00000000f8b00000,0x00000000fc400000)
 ParOldGen       total 250368K, used 120479K [0x0000000081400000, 0x0000000090880000, 0x00000000d5c00000)
  object space 250368K, 48% used [0x0000000081400000,0x00000000889a7e08,0x0000000090880000)
 Metaspace       used 105814K, capacity 110434K, committed 110744K, reserved 1146880K
  class space    used 11883K, capacity 12607K, committed 12704K, reserved 1048576K
GC Heap History (10 events):
Event: 34.738 GC heap before
{Heap before GC invocations=18 (full 3):
 PSYoungGen      total 494592K, used 488384K [0x00000000d5c00000, 0x00000000f5f80000, 0x0000000100000000)
  eden space 472064K, 100% used [0x00000000d5c00000,0x00000000f2900000,0x00000000f2900000)
  from space 22528K, 72% used [0x00000000f3f80000,0x00000000f4f70030,0x00000000f5580000)
  to   space 23040K, 0% used [0x00000000f2900000,0x00000000f2900000,0x00000000f3f80000)
 ParOldGen       total 121856K, used 37846K [0x0000000081400000, 0x0000000088b00000, 0x00000000d5c00000)
  object space 121856K, 31% used [0x0000000081400000,0x00000000838f5900,0x0000000088b00000)
 Metaspace       used 75657K, capacity 79140K, committed 79384K, reserved 1118208K
  class space    used 9165K, capacity 9726K, committed 9760K, reserved 1048576K
Event: 34.819 GC heap after
Heap after GC invocations=18 (full 3):
 PSYoungGen      total 495104K, used 23009K [0x00000000d5c00000, 0x00000000fde80000, 0x0000000100000000)
  eden space 472064K, 0% used [0x00000000d5c00000,0x00000000d5c00000,0x00000000f2900000)
  from space 23040K, 99% used [0x00000000f2900000,0x00000000f3f787c0,0x00000000f3f80000)
  to   space 29696K, 0% used [0x00000000fc180000,0x00000000fc180000,0x00000000fde80000)
 ParOldGen       total 121856K, used 47615K [0x0000000081400000, 0x0000000088b00000, 0x00000000d5c00000)
  object space 121856K, 39% used [0x0000000081400000,0x000000008427fe08,0x0000000088b00000)
 Metaspace       used 75657K, capacity 79140K, committed 79384K, reserved 1118208K
  class space    used 9165K, capacity 9726K, committed 9760K, reserved 1048576K
}
Event: 38.246 GC heap before
{Heap before GC invocations=19 (full 3):
 PSYoungGen      total 495104K, used 495073K [0x00000000d5c00000, 0x00000000fde80000, 0x0000000100000000)
  eden space 472064K, 100% used [0x00000000d5c00000,0x00000000f2900000,0x00000000f2900000)
  from space 23040K, 99% used [0x00000000f2900000,0x00000000f3f787c0,0x00000000f3f80000)
  to   space 29696K, 0% used [0x00000000fc180000,0x00000000fc180000,0x00000000fde80000)
 ParOldGen       total 121856K, used 47615K [0x0000000081400000, 0x0000000088b00000, 0x00000000d5c00000)
  object space 121856K, 39% used [0x0000000081400000,0x000000008427fe08,0x0000000088b00000)
 Metaspace       used 81745K, capacity 85360K, committed 85656K, reserved 1124352K
  class space    used 9508K, capacity 10102K, committed 10144K, reserved 1048576K
Event: 38.302 GC heap after
Heap after GC invocations=19 (full 3):
 PSYoungGen      total 612352K, used 29681K [0x00000000d5c00000, 0x0000000100000000, 0x0000000100000000)
  eden space 582656K, 0% used [0x00000000d5c00000,0x00000000d5c00000,0x00000000f9500000)
  from space 29696K, 99% used [0x00000000fc180000,0x00000000fde7c7d0,0x00000000fde80000)
  to   space 45568K, 0% used [0x00000000f9500000,0x00000000f9500000,0x00000000fc180000)
 ParOldGen       total 121856K, used 78278K [0x0000000081400000, 0x0000000088b00000, 0x00000000d5c00000)
  object space 121856K, 64% used [0x0000000081400000,0x0000000086071918,0x0000000088b00000)
 Metaspace       used 81745K, capacity 85360K, committed 85656K, reserved 1124352K
  class space    used 9508K, capacity 10102K, committed 10144K, reserved 1048576K
}
Event: 46.432 GC heap before
{Heap before GC invocations=20 (full 3):
 PSYoungGen      total 612352K, used 612337K [0x00000000d5c00000, 0x0000000100000000, 0x0000000100000000)
  eden space 582656K, 100% used [0x00000000d5c00000,0x00000000f9500000,0x00000000f9500000)
  from space 29696K, 99% used [0x00000000fc180000,0x00000000fde7c7d0,0x00000000fde80000)
  to   space 45568K, 0% used [0x00000000f9500000,0x00000000f9500000,0x00000000fc180000)
 ParOldGen       total 121856K, used 78278K [0x0000000081400000, 0x0000000088b00000, 0x00000000d5c00000)
  object space 121856K, 64% used [0x0000000081400000,0x0000000086071918,0x0000000088b00000)
 Metaspace       used 94225K, capacity 98492K, committed 98600K, reserved 1136640K
  class space    used 10928K, capacity 11632K, committed 11680K, reserved 1048576K
Event: 46.507 GC heap after
Heap after GC invocations=20 (full 3):
 PSYoungGen      total 628224K, used 45545K [0x00000000d5c00000, 0x0000000100000000, 0x0000000100000000)
  eden space 582656K, 0% used [0x00000000d5c00000,0x00000000d5c00000,0x00000000f9500000)
  from space 45568K, 99% used [0x00000000f9500000,0x00000000fc17a490,0x00000000fc180000)
  to   space 61440K, 0% used [0x00000000fc400000,0x00000000fc400000,0x0000000100000000)
 ParOldGen       total 121856K, used 101786K [0x0000000081400000, 0x0000000088b00000, 0x00000000d5c00000)
  object space 121856K, 83% used [0x0000000081400000,0x0000000087766938,0x0000000088b00000)
 Metaspace       used 94225K, capacity 98492K, committed 98600K, reserved 1136640K
  class space    used 10928K, capacity 11632K, committed 11680K, reserved 1048576K
}
Event: 46.507 GC heap before
{Heap before GC invocations=21 (full 4):
 PSYoungGen      total 628224K, used 45545K [0x00000000d5c00000, 0x0000000100000000, 0x0000000100000000)
  eden space 582656K, 0% used [0x00000000d5c00000,0x00000000d5c00000,0x00000000f9500000)
  from space 45568K, 99% used [0x00000000f9500000,0x00000000fc17a490,0x00000000fc180000)
  to   space 61440K, 0% used [0x00000000fc400000,0x00000000fc400000,0x0000000100000000)
 ParOldGen       total 121856K, used 101786K [0x0000000081400000, 0x0000000088b00000, 0x00000000d5c00000)
  object space 121856K, 83% used [0x0000000081400000,0x0000000087766938,0x0000000088b00000)
 Metaspace       used 94225K, capacity 98492K, committed 98600K, reserved 1136640K
  class space    used 10928K, capacity 11632K, committed 11680K, reserved 1048576K
Event: 46.905 GC heap after
Heap after GC invocations=21 (full 4):
 PSYoungGen      total 628224K, used 0K [0x00000000d5c00000, 0x0000000100000000, 0x0000000100000000)
  eden space 582656K, 0% used [0x00000000d5c00000,0x00000000d5c00000,0x00000000f9500000)
  from space 45568K, 0% used [0x00000000f9500000,0x00000000f9500000,0x00000000fc180000)
  to   space 61440K, 0% used [0x00000000fc400000,0x00000000fc400000,0x0000000100000000)
 ParOldGen       total 250368K, used 120471K [0x0000000081400000, 0x0000000090880000, 0x00000000d5c00000)
  object space 250368K, 48% used [0x0000000081400000,0x00000000889a5e08,0x0000000090880000)
 Metaspace       used 94225K, capacity 98492K, committed 98600K, reserved 1136640K
  class space    used 10928K, capacity 11632K, committed 11680K, reserved 1048576K
}
Event: 50.126 GC heap before
{Heap before GC invocations=22 (full 4):
 PSYoungGen      total 628224K, used 582656K [0x00000000d5c00000, 0x0000000100000000, 0x0000000100000000)
  eden space 582656K, 100% used [0x00000000d5c00000,0x00000000f9500000,0x00000000f9500000)
  from space 45568K, 0% used [0x00000000f9500000,0x00000000f9500000,0x00000000fc180000)
  to   space 61440K, 0% used [0x00000000fc400000,0x00000000fc400000,0x0000000100000000)
 ParOldGen       total 250368K, used 120471K [0x0000000081400000, 0x0000000090880000, 0x00000000d5c00000)
  object space 250368K, 48% used [0x0000000081400000,0x00000000889a5e08,0x0000000090880000)
 Metaspace       used 98315K, capacity 102660K, committed 102936K, reserved 1140736K
  class space    used 11088K, capacity 11792K, committed 11808K, reserved 1048576K
Event: 50.157 GC heap after
Heap after GC invocations=22 (full 4):
 PSYoungGen      total 633856K, used 19744K [0x00000000d5c00000, 0x0000000100000000, 0x0000000100000000)
  eden space 572416K, 0% used [0x00000000d5c00000,0x00000000d5c00000,0x00000000f8b00000)
  from space 61440K, 32% used [0x00000000fc400000,0x00000000fd748000,0x0000000100000000)
  to   space 58368K, 0% used [0x00000000f8b00000,0x00000000f8b00000,0x00000000fc400000)
 ParOldGen       total 250368K, used 120479K [0x0000000081400000, 0x0000000090880000, 0x00000000d5c00000)
  object space 250368K, 48% used [0x0000000081400000,0x00000000889a7e08,0x0000000090880000)
 Metaspace       used 98315K, capacity 102660K, committed 102936K, reserved 1140736K
  class space    used 11088K, capacity 11792K, committed 11808K, reserved 1048576K
}

